CRITICAL - 2023-05-10 02:19:33 --> Class "App\Controllers\ModeloUsuario" not found
in APPPATH\Controllers\Home.php on line 13.
 1 SYSTEMPATH\CodeIgniter.php(934): App\Controllers\Home->index()
 2 SYSTEMPATH\CodeIgniter.php(499): CodeIgniter\CodeIgniter->runController(Object(App\Controllers\Home))
 3 SYSTEMPATH\CodeIgniter.php(368): CodeIgniter\CodeIgniter->handleRequest(null, Object(Config\Cache), false)
 4 FCPATH\index.php(67): CodeIgniter\CodeIgniter->run()
CRITICAL - 2023-05-10 02:22:09 --> Class "App\Controllers\ModeloUsuario" not found
in APPPATH\Controllers\Home.php on line 13.
 1 SYSTEMPATH\CodeIgniter.php(934): App\Controllers\Home->index()
 2 SYSTEMPATH\CodeIgniter.php(499): CodeIgniter\CodeIgniter->runController(Object(App\Controllers\Home))
 3 SYSTEMPATH\CodeIgniter.php(368): CodeIgniter\CodeIgniter->handleRequest(null, Object(Config\Cache), false)
 4 FCPATH\index.php(67): CodeIgniter\CodeIgniter->run()
CRITICAL - 2023-05-10 02:24:10 --> Undefined property: App\Controllers\Home::$load
in APPPATH\Controllers\Home.php on line 13.
 1 APPPATH\Controllers\Home.php(13): CodeIgniter\Debug\Exceptions->errorHandler(2, 'Undefined property: App\\Controllers\\Home::$load', 'C:\\xampp\\htdocs\\proyecto_lovato_matias\\app\\Controllers\\Home.php', 13)
 2 SYSTEMPATH\CodeIgniter.php(934): App\Controllers\Home->index()
 3 SYSTEMPATH\CodeIgniter.php(499): CodeIgniter\CodeIgniter->runController(Object(App\Controllers\Home))
 4 SYSTEMPATH\CodeIgniter.php(368): CodeIgniter\CodeIgniter->handleRequest(null, Object(Config\Cache), false)
 5 FCPATH\index.php(67): CodeIgniter\CodeIgniter->run()
CRITICAL - 2023-05-10 02:24:11 --> Undefined property: App\Controllers\Home::$load
in APPPATH\Controllers\Home.php on line 13.
 1 APPPATH\Controllers\Home.php(13): CodeIgniter\Debug\Exceptions->errorHandler(2, 'Undefined property: App\\Controllers\\Home::$load', 'C:\\xampp\\htdocs\\proyecto_lovato_matias\\app\\Controllers\\Home.php', 13)
 2 SYSTEMPATH\CodeIgniter.php(934): App\Controllers\Home->index()
 3 SYSTEMPATH\CodeIgniter.php(499): CodeIgniter\CodeIgniter->runController(Object(App\Controllers\Home))
 4 SYSTEMPATH\CodeIgniter.php(368): CodeIgniter\CodeIgniter->handleRequest(null, Object(Config\Cache), false)
 5 FCPATH\index.php(67): CodeIgniter\CodeIgniter->run()
CRITICAL - 2023-05-10 02:25:29 --> syntax error, unexpected token "use"
in APPPATH\Controllers\Home.php on line 13.
 1 SYSTEMPATH\Autoloader\Autoloader.php(289): CodeIgniter\Autoloader\Autoloader->includeFile('C:\\xampp\\htdocs\\proyecto_lovato_matias\\app\\Controllers\\Home.php')
 2 SYSTEMPATH\Autoloader\Autoloader.php(267): CodeIgniter\Autoloader\Autoloader->loadInNamespace('App\\Controllers\\Home')
 3 [internal function]: CodeIgniter\Autoloader\Autoloader->loadClass('App\\Controllers\\Home')
 4 SYSTEMPATH\CodeIgniter.php(892): class_exists('\\App\\Controllers\\Home', true)
 5 SYSTEMPATH\CodeIgniter.php(486): CodeIgniter\CodeIgniter->startController()
 6 SYSTEMPATH\CodeIgniter.php(368): CodeIgniter\CodeIgniter->handleRequest(null, Object(Config\Cache), false)
 7 FCPATH\index.php(67): CodeIgniter\CodeIgniter->run()
CRITICAL - 2023-05-10 02:25:45 --> Class "CodeIgniter\Model\ModeloUsuario" not found
in APPPATH\Controllers\Home.php on line 14.
 1 SYSTEMPATH\CodeIgniter.php(934): App\Controllers\Home->index()
 2 SYSTEMPATH\CodeIgniter.php(499): CodeIgniter\CodeIgniter->runController(Object(App\Controllers\Home))
 3 SYSTEMPATH\CodeIgniter.php(368): CodeIgniter\CodeIgniter->handleRequest(null, Object(Config\Cache), false)
 4 FCPATH\index.php(67): CodeIgniter\CodeIgniter->run()
CRITICAL - 2023-05-10 02:26:51 --> Class "App\Controllers\ModeloUsuario" not found
in APPPATH\Controllers\Home.php on line 14.
 1 SYSTEMPATH\CodeIgniter.php(934): App\Controllers\Home->index()
 2 SYSTEMPATH\CodeIgniter.php(499): CodeIgniter\CodeIgniter->runController(Object(App\Controllers\Home))
 3 SYSTEMPATH\CodeIgniter.php(368): CodeIgniter\CodeIgniter->handleRequest(null, Object(Config\Cache), false)
 4 FCPATH\index.php(67): CodeIgniter\CodeIgniter->run()
CRITICAL - 2023-05-10 02:26:52 --> Class "App\Controllers\ModeloUsuario" not found
in APPPATH\Controllers\Home.php on line 14.
 1 SYSTEMPATH\CodeIgniter.php(934): App\Controllers\Home->index()
 2 SYSTEMPATH\CodeIgniter.php(499): CodeIgniter\CodeIgniter->runController(Object(App\Controllers\Home))
 3 SYSTEMPATH\CodeIgniter.php(368): CodeIgniter\CodeIgniter->handleRequest(null, Object(Config\Cache), false)
 4 FCPATH\index.php(67): CodeIgniter\CodeIgniter->run()
CRITICAL - 2023-05-10 02:28:21 --> Class "CodeIgniter\Model\Modelo_Usuario" not found
in APPPATH\Controllers\Home.php on line 14.
 1 SYSTEMPATH\CodeIgniter.php(934): App\Controllers\Home->index()
 2 SYSTEMPATH\CodeIgniter.php(499): CodeIgniter\CodeIgniter->runController(Object(App\Controllers\Home))
 3 SYSTEMPATH\CodeIgniter.php(368): CodeIgniter\CodeIgniter->handleRequest(null, Object(Config\Cache), false)
 4 FCPATH\index.php(67): CodeIgniter\CodeIgniter->run()
CRITICAL - 2023-05-10 02:28:22 --> Class "CodeIgniter\Model\Modelo_Usuario" not found
in APPPATH\Controllers\Home.php on line 14.
 1 SYSTEMPATH\CodeIgniter.php(934): App\Controllers\Home->index()
 2 SYSTEMPATH\CodeIgniter.php(499): CodeIgniter\CodeIgniter->runController(Object(App\Controllers\Home))
 3 SYSTEMPATH\CodeIgniter.php(368): CodeIgniter\CodeIgniter->handleRequest(null, Object(Config\Cache), false)
 4 FCPATH\index.php(67): CodeIgniter\CodeIgniter->run()
CRITICAL - 2023-05-10 02:28:39 --> Class "CodeIgniter\Model\Modelo_Usuario" not found
in APPPATH\Controllers\Home.php on line 14.
 1 SYSTEMPATH\CodeIgniter.php(934): App\Controllers\Home->index()
 2 SYSTEMPATH\CodeIgniter.php(499): CodeIgniter\CodeIgniter->runController(Object(App\Controllers\Home))
 3 SYSTEMPATH\CodeIgniter.php(368): CodeIgniter\CodeIgniter->handleRequest(null, Object(Config\Cache), false)
 4 FCPATH\index.php(67): CodeIgniter\CodeIgniter->run()
CRITICAL - 2023-05-10 02:28:40 --> Class "CodeIgniter\Model\Modelo_Usuario" not found
in APPPATH\Controllers\Home.php on line 14.
 1 SYSTEMPATH\CodeIgniter.php(934): App\Controllers\Home->index()
 2 SYSTEMPATH\CodeIgniter.php(499): CodeIgniter\CodeIgniter->runController(Object(App\Controllers\Home))
 3 SYSTEMPATH\CodeIgniter.php(368): CodeIgniter\CodeIgniter->handleRequest(null, Object(Config\Cache), false)
 4 FCPATH\index.php(67): CodeIgniter\CodeIgniter->run()
CRITICAL - 2023-05-10 02:28:40 --> Class "CodeIgniter\Model\Modelo_Usuario" not found
in APPPATH\Controllers\Home.php on line 14.
 1 SYSTEMPATH\CodeIgniter.php(934): App\Controllers\Home->index()
 2 SYSTEMPATH\CodeIgniter.php(499): CodeIgniter\CodeIgniter->runController(Object(App\Controllers\Home))
 3 SYSTEMPATH\CodeIgniter.php(368): CodeIgniter\CodeIgniter->handleRequest(null, Object(Config\Cache), false)
 4 FCPATH\index.php(67): CodeIgniter\CodeIgniter->run()
CRITICAL - 2023-05-10 02:28:41 --> Class "CodeIgniter\Model\Modelo_Usuario" not found
in APPPATH\Controllers\Home.php on line 14.
 1 SYSTEMPATH\CodeIgniter.php(934): App\Controllers\Home->index()
 2 SYSTEMPATH\CodeIgniter.php(499): CodeIgniter\CodeIgniter->runController(Object(App\Controllers\Home))
 3 SYSTEMPATH\CodeIgniter.php(368): CodeIgniter\CodeIgniter->handleRequest(null, Object(Config\Cache), false)
 4 FCPATH\index.php(67): CodeIgniter\CodeIgniter->run()
CRITICAL - 2023-05-10 02:32:39 --> Declaration of App\Models\Modelo_Usuario::update($id, $nombre) must be compatible with CodeIgniter\Model::update($id = null, $data = null): bool
in APPPATH\Models\Modelo_Usuario.php on line 30.
 1 [internal function]: CodeIgniter\Debug\Exceptions->shutdownHandler()
CRITICAL - 2023-05-10 02:33:23 --> Call to undefined method App\Models\Modelo_Usuario::mostrar
in SYSTEMPATH\Model.php on line 842.
 1 APPPATH\Controllers\Home.php(17): CodeIgniter\Model->__call('mostrar', [])
 2 SYSTEMPATH\CodeIgniter.php(934): App\Controllers\Home->index()
 3 SYSTEMPATH\CodeIgniter.php(499): CodeIgniter\CodeIgniter->runController(Object(App\Controllers\Home))
 4 SYSTEMPATH\CodeIgniter.php(368): CodeIgniter\CodeIgniter->handleRequest(null, Object(Config\Cache), false)
 5 FCPATH\index.php(67): CodeIgniter\CodeIgniter->run()
ERROR - 2023-05-10 02:33:37 --> mysqli_sql_exception: Table 'bd_lovato_matias.usuario' doesn't exist in C:\xampp\htdocs\proyecto_lovato_matias\system\Database\MySQLi\Connection.php:295
Stack trace:
#0 C:\xampp\htdocs\proyecto_lovato_matias\system\Database\MySQLi\Connection.php(295): mysqli->query('SELECT * FROM u...', 0)
#1 C:\xampp\htdocs\proyecto_lovato_matias\system\Database\BaseConnection.php(691): CodeIgniter\Database\MySQLi\Connection->execute('SELECT * FROM u...')
#2 C:\xampp\htdocs\proyecto_lovato_matias\system\Database\BaseConnection.php(605): CodeIgniter\Database\BaseConnection->simpleQuery('SELECT * FROM u...')
#3 C:\xampp\htdocs\proyecto_lovato_matias\app\Models\Modelo_Usuario.php(39): CodeIgniter\Database\BaseConnection->query('SELECT * FROM u...')
#4 C:\xampp\htdocs\proyecto_lovato_matias\app\Controllers\Home.php(17): App\Models\Modelo_Usuario->mostrar()
#5 C:\xampp\htdocs\proyecto_lovato_matias\system\CodeIgniter.php(934): App\Controllers\Home->index()
#6 C:\xampp\htdocs\proyecto_lovato_matias\system\CodeIgniter.php(499): CodeIgniter\CodeIgniter->runController(Object(App\Controllers\Home))
#7 C:\xampp\htdocs\proyecto_lovato_matias\system\CodeIgniter.php(368): CodeIgniter\CodeIgniter->handleRequest(NULL, Object(Config\Cache), false)
#8 C:\xampp\htdocs\proyecto_lovato_matias\public\index.php(67): CodeIgniter\CodeIgniter->run()
#9 {main}
CRITICAL - 2023-05-10 02:33:37 --> Table 'bd_lovato_matias.usuario' doesn't exist
in SYSTEMPATH\Database\MySQLi\Connection.php on line 295.
 1 SYSTEMPATH\Database\MySQLi\Connection.php(295): mysqli->query('SELECT * FROM usuario', 0)
 2 SYSTEMPATH\Database\BaseConnection.php(691): CodeIgniter\Database\MySQLi\Connection->execute('SELECT * FROM usuario')
 3 SYSTEMPATH\Database\BaseConnection.php(605): CodeIgniter\Database\BaseConnection->simpleQuery('SELECT * FROM usuario')
 4 APPPATH\Models\Modelo_Usuario.php(39): CodeIgniter\Database\BaseConnection->query('SELECT * FROM usuario')
 5 APPPATH\Controllers\Home.php(17): App\Models\Modelo_Usuario->mostrar()
 6 SYSTEMPATH\CodeIgniter.php(934): App\Controllers\Home->index()
 7 SYSTEMPATH\CodeIgniter.php(499): CodeIgniter\CodeIgniter->runController(Object(App\Controllers\Home))
 8 SYSTEMPATH\CodeIgniter.php(368): CodeIgniter\CodeIgniter->handleRequest(null, Object(Config\Cache), false)
 9 FCPATH\index.php(67): CodeIgniter\CodeIgniter->run()
ERROR - 2023-05-10 02:52:24 --> mysqli_sql_exception: Table 'bd_lovato_matias.usuario' doesn't exist in C:\xampp\htdocs\proyecto_lovato_matias\system\Database\MySQLi\Connection.php:295
Stack trace:
#0 C:\xampp\htdocs\proyecto_lovato_matias\system\Database\MySQLi\Connection.php(295): mysqli->query('SELECT * FROM u...', 0)
#1 C:\xampp\htdocs\proyecto_lovato_matias\system\Database\BaseConnection.php(691): CodeIgniter\Database\MySQLi\Connection->execute('SELECT * FROM u...')
#2 C:\xampp\htdocs\proyecto_lovato_matias\system\Database\BaseConnection.php(605): CodeIgniter\Database\BaseConnection->simpleQuery('SELECT * FROM u...')
#3 C:\xampp\htdocs\proyecto_lovato_matias\app\Models\Modelo_Usuario.php(39): CodeIgniter\Database\BaseConnection->query('SELECT * FROM u...')
#4 C:\xampp\htdocs\proyecto_lovato_matias\app\Controllers\Home.php(17): App\Models\Modelo_Usuario->mostrar()
#5 C:\xampp\htdocs\proyecto_lovato_matias\system\CodeIgniter.php(934): App\Controllers\Home->index()
#6 C:\xampp\htdocs\proyecto_lovato_matias\system\CodeIgniter.php(499): CodeIgniter\CodeIgniter->runController(Object(App\Controllers\Home))
#7 C:\xampp\htdocs\proyecto_lovato_matias\system\CodeIgniter.php(368): CodeIgniter\CodeIgniter->handleRequest(NULL, Object(Config\Cache), false)
#8 C:\xampp\htdocs\proyecto_lovato_matias\public\index.php(67): CodeIgniter\CodeIgniter->run()
#9 {main}
CRITICAL - 2023-05-10 02:52:24 --> Table 'bd_lovato_matias.usuario' doesn't exist
in SYSTEMPATH\Database\MySQLi\Connection.php on line 295.
 1 SYSTEMPATH\Database\MySQLi\Connection.php(295): mysqli->query('SELECT * FROM usuario', 0)
 2 SYSTEMPATH\Database\BaseConnection.php(691): CodeIgniter\Database\MySQLi\Connection->execute('SELECT * FROM usuario')
 3 SYSTEMPATH\Database\BaseConnection.php(605): CodeIgniter\Database\BaseConnection->simpleQuery('SELECT * FROM usuario')
 4 APPPATH\Models\Modelo_Usuario.php(39): CodeIgniter\Database\BaseConnection->query('SELECT * FROM usuario')
 5 APPPATH\Controllers\Home.php(17): App\Models\Modelo_Usuario->mostrar()
 6 SYSTEMPATH\CodeIgniter.php(934): App\Controllers\Home->index()
 7 SYSTEMPATH\CodeIgniter.php(499): CodeIgniter\CodeIgniter->runController(Object(App\Controllers\Home))
 8 SYSTEMPATH\CodeIgniter.php(368): CodeIgniter\CodeIgniter->handleRequest(null, Object(Config\Cache), false)
 9 FCPATH\index.php(67): CodeIgniter\CodeIgniter->run()
ERROR - 2023-05-10 02:52:25 --> mysqli_sql_exception: Table 'bd_lovato_matias.usuario' doesn't exist in C:\xampp\htdocs\proyecto_lovato_matias\system\Database\MySQLi\Connection.php:295
Stack trace:
#0 C:\xampp\htdocs\proyecto_lovato_matias\system\Database\MySQLi\Connection.php(295): mysqli->query('SELECT * FROM u...', 0)
#1 C:\xampp\htdocs\proyecto_lovato_matias\system\Database\BaseConnection.php(691): CodeIgniter\Database\MySQLi\Connection->execute('SELECT * FROM u...')
#2 C:\xampp\htdocs\proyecto_lovato_matias\system\Database\BaseConnection.php(605): CodeIgniter\Database\BaseConnection->simpleQuery('SELECT * FROM u...')
#3 C:\xampp\htdocs\proyecto_lovato_matias\app\Models\Modelo_Usuario.php(39): CodeIgniter\Database\BaseConnection->query('SELECT * FROM u...')
#4 C:\xampp\htdocs\proyecto_lovato_matias\app\Controllers\Home.php(17): App\Models\Modelo_Usuario->mostrar()
#5 C:\xampp\htdocs\proyecto_lovato_matias\system\CodeIgniter.php(934): App\Controllers\Home->index()
#6 C:\xampp\htdocs\proyecto_lovato_matias\system\CodeIgniter.php(499): CodeIgniter\CodeIgniter->runController(Object(App\Controllers\Home))
#7 C:\xampp\htdocs\proyecto_lovato_matias\system\CodeIgniter.php(368): CodeIgniter\CodeIgniter->handleRequest(NULL, Object(Config\Cache), false)
#8 C:\xampp\htdocs\proyecto_lovato_matias\public\index.php(67): CodeIgniter\CodeIgniter->run()
#9 {main}
CRITICAL - 2023-05-10 02:52:25 --> Table 'bd_lovato_matias.usuario' doesn't exist
in SYSTEMPATH\Database\MySQLi\Connection.php on line 295.
 1 SYSTEMPATH\Database\MySQLi\Connection.php(295): mysqli->query('SELECT * FROM usuario', 0)
 2 SYSTEMPATH\Database\BaseConnection.php(691): CodeIgniter\Database\MySQLi\Connection->execute('SELECT * FROM usuario')
 3 SYSTEMPATH\Database\BaseConnection.php(605): CodeIgniter\Database\BaseConnection->simpleQuery('SELECT * FROM usuario')
 4 APPPATH\Models\Modelo_Usuario.php(39): CodeIgniter\Database\BaseConnection->query('SELECT * FROM usuario')
 5 APPPATH\Controllers\Home.php(17): App\Models\Modelo_Usuario->mostrar()
 6 SYSTEMPATH\CodeIgniter.php(934): App\Controllers\Home->index()
 7 SYSTEMPATH\CodeIgniter.php(499): CodeIgniter\CodeIgniter->runController(Object(App\Controllers\Home))
 8 SYSTEMPATH\CodeIgniter.php(368): CodeIgniter\CodeIgniter->handleRequest(null, Object(Config\Cache), false)
 9 FCPATH\index.php(67): CodeIgniter\CodeIgniter->run()
ERROR - 2023-05-10 02:52:57 --> mysqli_sql_exception: Table 'bd_lovato_matias.usuario' doesn't exist in C:\xampp\htdocs\proyecto_lovato_matias\system\Database\MySQLi\Connection.php:295
Stack trace:
#0 C:\xampp\htdocs\proyecto_lovato_matias\system\Database\MySQLi\Connection.php(295): mysqli->query('SELECT * FROM u...', 0)
#1 C:\xampp\htdocs\proyecto_lovato_matias\system\Database\BaseConnection.php(691): CodeIgniter\Database\MySQLi\Connection->execute('SELECT * FROM u...')
#2 C:\xampp\htdocs\proyecto_lovato_matias\system\Database\BaseConnection.php(605): CodeIgniter\Database\BaseConnection->simpleQuery('SELECT * FROM u...')
#3 C:\xampp\htdocs\proyecto_lovato_matias\app\Models\Modelo_Usuario.php(39): CodeIgniter\Database\BaseConnection->query('SELECT * FROM u...')
#4 C:\xampp\htdocs\proyecto_lovato_matias\app\Controllers\Home.php(17): App\Models\Modelo_Usuario->mostrar()
#5 C:\xampp\htdocs\proyecto_lovato_matias\system\CodeIgniter.php(934): App\Controllers\Home->index()
#6 C:\xampp\htdocs\proyecto_lovato_matias\system\CodeIgniter.php(499): CodeIgniter\CodeIgniter->runController(Object(App\Controllers\Home))
#7 C:\xampp\htdocs\proyecto_lovato_matias\system\CodeIgniter.php(368): CodeIgniter\CodeIgniter->handleRequest(NULL, Object(Config\Cache), false)
#8 C:\xampp\htdocs\proyecto_lovato_matias\public\index.php(67): CodeIgniter\CodeIgniter->run()
#9 {main}
CRITICAL - 2023-05-10 02:52:57 --> Table 'bd_lovato_matias.usuario' doesn't exist
in SYSTEMPATH\Database\MySQLi\Connection.php on line 295.
 1 SYSTEMPATH\Database\MySQLi\Connection.php(295): mysqli->query('SELECT * FROM usuario', 0)
 2 SYSTEMPATH\Database\BaseConnection.php(691): CodeIgniter\Database\MySQLi\Connection->execute('SELECT * FROM usuario')
 3 SYSTEMPATH\Database\BaseConnection.php(605): CodeIgniter\Database\BaseConnection->simpleQuery('SELECT * FROM usuario')
 4 APPPATH\Models\Modelo_Usuario.php(39): CodeIgniter\Database\BaseConnection->query('SELECT * FROM usuario')
 5 APPPATH\Controllers\Home.php(17): App\Models\Modelo_Usuario->mostrar()
 6 SYSTEMPATH\CodeIgniter.php(934): App\Controllers\Home->index()
 7 SYSTEMPATH\CodeIgniter.php(499): CodeIgniter\CodeIgniter->runController(Object(App\Controllers\Home))
 8 SYSTEMPATH\CodeIgniter.php(368): CodeIgniter\CodeIgniter->handleRequest(null, Object(Config\Cache), false)
 9 FCPATH\index.php(67): CodeIgniter\CodeIgniter->run()
ERROR - 2023-05-10 02:52:58 --> mysqli_sql_exception: Table 'bd_lovato_matias.usuario' doesn't exist in C:\xampp\htdocs\proyecto_lovato_matias\system\Database\MySQLi\Connection.php:295
Stack trace:
#0 C:\xampp\htdocs\proyecto_lovato_matias\system\Database\MySQLi\Connection.php(295): mysqli->query('SELECT * FROM u...', 0)
#1 C:\xampp\htdocs\proyecto_lovato_matias\system\Database\BaseConnection.php(691): CodeIgniter\Database\MySQLi\Connection->execute('SELECT * FROM u...')
#2 C:\xampp\htdocs\proyecto_lovato_matias\system\Database\BaseConnection.php(605): CodeIgniter\Database\BaseConnection->simpleQuery('SELECT * FROM u...')
#3 C:\xampp\htdocs\proyecto_lovato_matias\app\Models\Modelo_Usuario.php(39): CodeIgniter\Database\BaseConnection->query('SELECT * FROM u...')
#4 C:\xampp\htdocs\proyecto_lovato_matias\app\Controllers\Home.php(17): App\Models\Modelo_Usuario->mostrar()
#5 C:\xampp\htdocs\proyecto_lovato_matias\system\CodeIgniter.php(934): App\Controllers\Home->index()
#6 C:\xampp\htdocs\proyecto_lovato_matias\system\CodeIgniter.php(499): CodeIgniter\CodeIgniter->runController(Object(App\Controllers\Home))
#7 C:\xampp\htdocs\proyecto_lovato_matias\system\CodeIgniter.php(368): CodeIgniter\CodeIgniter->handleRequest(NULL, Object(Config\Cache), false)
#8 C:\xampp\htdocs\proyecto_lovato_matias\public\index.php(67): CodeIgniter\CodeIgniter->run()
#9 {main}
CRITICAL - 2023-05-10 02:52:58 --> Table 'bd_lovato_matias.usuario' doesn't exist
in SYSTEMPATH\Database\MySQLi\Connection.php on line 295.
 1 SYSTEMPATH\Database\MySQLi\Connection.php(295): mysqli->query('SELECT * FROM usuario', 0)
 2 SYSTEMPATH\Database\BaseConnection.php(691): CodeIgniter\Database\MySQLi\Connection->execute('SELECT * FROM usuario')
 3 SYSTEMPATH\Database\BaseConnection.php(605): CodeIgniter\Database\BaseConnection->simpleQuery('SELECT * FROM usuario')
 4 APPPATH\Models\Modelo_Usuario.php(39): CodeIgniter\Database\BaseConnection->query('SELECT * FROM usuario')
 5 APPPATH\Controllers\Home.php(17): App\Models\Modelo_Usuario->mostrar()
 6 SYSTEMPATH\CodeIgniter.php(934): App\Controllers\Home->index()
 7 SYSTEMPATH\CodeIgniter.php(499): CodeIgniter\CodeIgniter->runController(Object(App\Controllers\Home))
 8 SYSTEMPATH\CodeIgniter.php(368): CodeIgniter\CodeIgniter->handleRequest(null, Object(Config\Cache), false)
 9 FCPATH\index.php(67): CodeIgniter\CodeIgniter->run()
ERROR - 2023-05-10 02:53:00 --> mysqli_sql_exception: Table 'bd_lovato_matias.usuario' doesn't exist in C:\xampp\htdocs\proyecto_lovato_matias\system\Database\MySQLi\Connection.php:295
Stack trace:
#0 C:\xampp\htdocs\proyecto_lovato_matias\system\Database\MySQLi\Connection.php(295): mysqli->query('SELECT * FROM u...', 0)
#1 C:\xampp\htdocs\proyecto_lovato_matias\system\Database\BaseConnection.php(691): CodeIgniter\Database\MySQLi\Connection->execute('SELECT * FROM u...')
#2 C:\xampp\htdocs\proyecto_lovato_matias\system\Database\BaseConnection.php(605): CodeIgniter\Database\BaseConnection->simpleQuery('SELECT * FROM u...')
#3 C:\xampp\htdocs\proyecto_lovato_matias\app\Models\Modelo_Usuario.php(39): CodeIgniter\Database\BaseConnection->query('SELECT * FROM u...')
#4 C:\xampp\htdocs\proyecto_lovato_matias\app\Controllers\Home.php(17): App\Models\Modelo_Usuario->mostrar()
#5 C:\xampp\htdocs\proyecto_lovato_matias\system\CodeIgniter.php(934): App\Controllers\Home->index()
#6 C:\xampp\htdocs\proyecto_lovato_matias\system\CodeIgniter.php(499): CodeIgniter\CodeIgniter->runController(Object(App\Controllers\Home))
#7 C:\xampp\htdocs\proyecto_lovato_matias\system\CodeIgniter.php(368): CodeIgniter\CodeIgniter->handleRequest(NULL, Object(Config\Cache), false)
#8 C:\xampp\htdocs\proyecto_lovato_matias\public\index.php(67): CodeIgniter\CodeIgniter->run()
#9 {main}
CRITICAL - 2023-05-10 02:53:00 --> Table 'bd_lovato_matias.usuario' doesn't exist
in SYSTEMPATH\Database\MySQLi\Connection.php on line 295.
 1 SYSTEMPATH\Database\MySQLi\Connection.php(295): mysqli->query('SELECT * FROM usuario', 0)
 2 SYSTEMPATH\Database\BaseConnection.php(691): CodeIgniter\Database\MySQLi\Connection->execute('SELECT * FROM usuario')
 3 SYSTEMPATH\Database\BaseConnection.php(605): CodeIgniter\Database\BaseConnection->simpleQuery('SELECT * FROM usuario')
 4 APPPATH\Models\Modelo_Usuario.php(39): CodeIgniter\Database\BaseConnection->query('SELECT * FROM usuario')
 5 APPPATH\Controllers\Home.php(17): App\Models\Modelo_Usuario->mostrar()
 6 SYSTEMPATH\CodeIgniter.php(934): App\Controllers\Home->index()
 7 SYSTEMPATH\CodeIgniter.php(499): CodeIgniter\CodeIgniter->runController(Object(App\Controllers\Home))
 8 SYSTEMPATH\CodeIgniter.php(368): CodeIgniter\CodeIgniter->handleRequest(null, Object(Config\Cache), false)
 9 FCPATH\index.php(67): CodeIgniter\CodeIgniter->run()
CRITICAL - 2023-05-10 02:59:46 --> Undefined variable $products
in APPPATH\Views\products\index.php on line 32.
 1 APPPATH\Views\products\index.php(32): CodeIgniter\Debug\Exceptions->errorHandler(2, 'Undefined variable $products', 'C:\\xampp\\htdocs\\proyecto_lovato_matias\\app\\Views\\products\\index.php', 32)
 2 SYSTEMPATH\View\View.php(213): include('C:\\xampp\\htdocs\\proyecto_lovato_matias\\app\\Views\\products\\index.php')
 3 SYSTEMPATH\View\View.php(216): CodeIgniter\View\View->CodeIgniter\View\{closure}()
 4 SYSTEMPATH\Common.php(1184): CodeIgniter\View\View->render('products//index.php', [], true)
 5 APPPATH\Controllers\Home.php(53): view('products//index.php')
 6 SYSTEMPATH\CodeIgniter.php(934): App\Controllers\Home->catalogo()
 7 SYSTEMPATH\CodeIgniter.php(499): CodeIgniter\CodeIgniter->runController(Object(App\Controllers\Home))
 8 SYSTEMPATH\CodeIgniter.php(368): CodeIgniter\CodeIgniter->handleRequest(null, Object(Config\Cache), false)
 9 FCPATH\index.php(67): CodeIgniter\CodeIgniter->run()
ERROR - 2023-05-10 03:06:49 --> mysqli_sql_exception: Unknown column 'name' in 'field list' in C:\xampp\htdocs\proyecto_lovato_matias\system\Database\MySQLi\Connection.php:295
Stack trace:
#0 C:\xampp\htdocs\proyecto_lovato_matias\system\Database\MySQLi\Connection.php(295): mysqli->query('INSERT INTO `pr...', 0)
#1 C:\xampp\htdocs\proyecto_lovato_matias\system\Database\BaseConnection.php(691): CodeIgniter\Database\MySQLi\Connection->execute('INSERT INTO `pr...')
#2 C:\xampp\htdocs\proyecto_lovato_matias\system\Database\BaseConnection.php(605): CodeIgniter\Database\BaseConnection->simpleQuery('INSERT INTO `pr...')
#3 C:\xampp\htdocs\proyecto_lovato_matias\system\Database\BaseBuilder.php(2309): CodeIgniter\Database\BaseConnection->query('INSERT INTO `pr...', Array, false)
#4 C:\xampp\htdocs\proyecto_lovato_matias\system\Model.php(330): CodeIgniter\Database\BaseBuilder->insert()
#5 C:\xampp\htdocs\proyecto_lovato_matias\system\BaseModel.php(782): CodeIgniter\Model->doInsert(Array)
#6 C:\xampp\htdocs\proyecto_lovato_matias\system\Model.php(730): CodeIgniter\BaseModel->insert(Array, true)
#7 C:\xampp\htdocs\proyecto_lovato_matias\app\Controllers\ProductController.php(30): CodeIgniter\Model->insert(Array)
#8 C:\xampp\htdocs\proyecto_lovato_matias\system\CodeIgniter.php(934): App\Controllers\ProductController->store()
#9 C:\xampp\htdocs\proyecto_lovato_matias\system\CodeIgniter.php(499): CodeIgniter\CodeIgniter->runController(Object(App\Controllers\ProductController))
#10 C:\xampp\htdocs\proyecto_lovato_matias\system\CodeIgniter.php(368): CodeIgniter\CodeIgniter->handleRequest(NULL, Object(Config\Cache), false)
#11 C:\xampp\htdocs\proyecto_lovato_matias\public\index.php(67): CodeIgniter\CodeIgniter->run()
#12 {main}
CRITICAL - 2023-05-10 03:06:49 --> Unknown column 'name' in 'field list'
in SYSTEMPATH\Database\MySQLi\Connection.php on line 295.
 1 SYSTEMPATH\Database\MySQLi\Connection.php(295): mysqli->query('INSERT INTO `products` (`name`, `price`, `description`) VALUES (\'The Cursed Forest\', \'20\', \'juego \')', 0)
 2 SYSTEMPATH\Database\BaseConnection.php(691): CodeIgniter\Database\MySQLi\Connection->execute('INSERT INTO `products` (`name`, `price`, `description`) VALUES (\'The Cursed Forest\', \'20\', \'juego \')')
 3 SYSTEMPATH\Database\BaseConnection.php(605): CodeIgniter\Database\BaseConnection->simpleQuery('INSERT INTO `products` (`name`, `price`, `description`) VALUES (\'The Cursed Forest\', \'20\', \'juego \')')
 4 SYSTEMPATH\Database\BaseBuilder.php(2309): CodeIgniter\Database\BaseConnection->query('INSERT INTO `products` (`name`, `price`, `description`) VALUES (:name:, :price:, :description:)', [...], false)
 5 SYSTEMPATH\Model.php(330): CodeIgniter\Database\BaseBuilder->insert()
 6 SYSTEMPATH\BaseModel.php(782): CodeIgniter\Model->doInsert([...])
 7 SYSTEMPATH\Model.php(730): CodeIgniter\BaseModel->insert([...], true)
 8 APPPATH\Controllers\ProductController.php(30): CodeIgniter\Model->insert([...])
 9 SYSTEMPATH\CodeIgniter.php(934): App\Controllers\ProductController->store()
10 SYSTEMPATH\CodeIgniter.php(499): CodeIgniter\CodeIgniter->runController(Object(App\Controllers\ProductController))
11 SYSTEMPATH\CodeIgniter.php(368): CodeIgniter\CodeIgniter->handleRequest(null, Object(Config\Cache), false)
12 FCPATH\index.php(67): CodeIgniter\CodeIgniter->run()
ERROR - 2023-05-10 03:10:53 --> mysqli_sql_exception: Unknown column 'name' in 'field list' in C:\xampp\htdocs\proyecto_lovato_matias\system\Database\MySQLi\Connection.php:295
Stack trace:
#0 C:\xampp\htdocs\proyecto_lovato_matias\system\Database\MySQLi\Connection.php(295): mysqli->query('INSERT INTO `pr...', 0)
#1 C:\xampp\htdocs\proyecto_lovato_matias\system\Database\BaseConnection.php(691): CodeIgniter\Database\MySQLi\Connection->execute('INSERT INTO `pr...')
#2 C:\xampp\htdocs\proyecto_lovato_matias\system\Database\BaseConnection.php(605): CodeIgniter\Database\BaseConnection->simpleQuery('INSERT INTO `pr...')
#3 C:\xampp\htdocs\proyecto_lovato_matias\system\Database\BaseBuilder.php(2309): CodeIgniter\Database\BaseConnection->query('INSERT INTO `pr...', Array, false)
#4 C:\xampp\htdocs\proyecto_lovato_matias\system\Model.php(330): CodeIgniter\Database\BaseBuilder->insert()
#5 C:\xampp\htdocs\proyecto_lovato_matias\system\BaseModel.php(782): CodeIgniter\Model->doInsert(Array)
#6 C:\xampp\htdocs\proyecto_lovato_matias\system\Model.php(730): CodeIgniter\BaseModel->insert(Array, true)
#7 C:\xampp\htdocs\proyecto_lovato_matias\app\Controllers\ProductController.php(30): CodeIgniter\Model->insert(Array)
#8 C:\xampp\htdocs\proyecto_lovato_matias\system\CodeIgniter.php(934): App\Controllers\ProductController->store()
#9 C:\xampp\htdocs\proyecto_lovato_matias\system\CodeIgniter.php(499): CodeIgniter\CodeIgniter->runController(Object(App\Controllers\ProductController))
#10 C:\xampp\htdocs\proyecto_lovato_matias\system\CodeIgniter.php(368): CodeIgniter\CodeIgniter->handleRequest(NULL, Object(Config\Cache), false)
#11 C:\xampp\htdocs\proyecto_lovato_matias\public\index.php(67): CodeIgniter\CodeIgniter->run()
#12 {main}
CRITICAL - 2023-05-10 03:10:53 --> Unknown column 'name' in 'field list'
in SYSTEMPATH\Database\MySQLi\Connection.php on line 295.
 1 SYSTEMPATH\Database\MySQLi\Connection.php(295): mysqli->query('INSERT INTO `products` (`name`, `price`, `description`) VALUES (\'The Cursed Forest\', \'20\', \'juego \')', 0)
 2 SYSTEMPATH\Database\BaseConnection.php(691): CodeIgniter\Database\MySQLi\Connection->execute('INSERT INTO `products` (`name`, `price`, `description`) VALUES (\'The Cursed Forest\', \'20\', \'juego \')')
 3 SYSTEMPATH\Database\BaseConnection.php(605): CodeIgniter\Database\BaseConnection->simpleQuery('INSERT INTO `products` (`name`, `price`, `description`) VALUES (\'The Cursed Forest\', \'20\', \'juego \')')
 4 SYSTEMPATH\Database\BaseBuilder.php(2309): CodeIgniter\Database\BaseConnection->query('INSERT INTO `products` (`name`, `price`, `description`) VALUES (:name:, :price:, :description:)', [...], false)
 5 SYSTEMPATH\Model.php(330): CodeIgniter\Database\BaseBuilder->insert()
 6 SYSTEMPATH\BaseModel.php(782): CodeIgniter\Model->doInsert([...])
 7 SYSTEMPATH\Model.php(730): CodeIgniter\BaseModel->insert([...], true)
 8 APPPATH\Controllers\ProductController.php(30): CodeIgniter\Model->insert([...])
 9 SYSTEMPATH\CodeIgniter.php(934): App\Controllers\ProductController->store()
10 SYSTEMPATH\CodeIgniter.php(499): CodeIgniter\CodeIgniter->runController(Object(App\Controllers\ProductController))
11 SYSTEMPATH\CodeIgniter.php(368): CodeIgniter\CodeIgniter->handleRequest(null, Object(Config\Cache), false)
12 FCPATH\index.php(67): CodeIgniter\CodeIgniter->run()
